{"time":"2016-02-08T07:08:16.570Z","code":"lib.reload","text":"Module reload","data":"httpHandler.js"};&
&{"time":"2016-02-08T07:09:52.132Z","code":"lib.reload","text":"Module reload","data":"httpHandler.js"};&
&{"time":"2016-02-08T07:10:17.096Z","code":"lib.reload","text":"Module reload","data":"httpHandler.js"};&
&{"time":"2016-02-08T07:11:24.384Z","code":"lib.reload","text":"Module reload","data":"httpHandler.js"};&
&{"time":"2016-02-08T07:11:34.811Z","code":"lib.reload","text":"Module reload","data":"usr.js"};&
&{"time":"2016-02-08T07:20:18.959Z","code":"app.startSever","text":"Server starting..."};&
&{"time":"2016-02-08T07:21:20.041Z","code":"lib.reload","text":"Module reload","data":"httpHandler.js"};&
&{"time":"2016-02-08T07:21:22.162Z","code":"app.startSever","text":"Server starting..."};&
&{"time":"2016-02-08T07:21:42.924Z","code":"lib.reload","text":"Module reload","data":"httpHandler.js"};&
&{"time":"2016-02-08T07:21:45.523Z","code":"app.startSever","text":"Server starting..."};&
&{"time":"2016-02-08T07:22:12.136Z","code":"lib.reload","text":"Module reload","data":"httpHandler.js"};&
&{"time":"2016-02-08T07:22:19.435Z","code":"lib.reload","text":"Module reload","data":"httpHandler.js"};&
&{"time":"2016-02-08T07:24:27.987Z","code":"lib.reload","text":"Module reload","data":"usr.js"};&
&{"time":"2016-02-08T07:24:52.077Z","code":"lib.reload","text":"Module reload","data":"usr.js"};&
&{"time":"2016-02-08T07:26:17.256Z","code":"lib.reload","text":"Module reload","data":"usr.js"};&
&{"time":"2016-02-08T07:28:31.939Z","code":"lib.reload","text":"Module reload","data":"usr.js"};&
&{"time":"2016-02-08T07:29:46.460Z","code":"lib.reload","text":"Module reload","data":"usr.js"};&
&{"time":"2016-02-08T07:30:43.806Z","code":"lib.reload","text":"Module reload","data":"usr.js"};&
&{"time":"2016-02-08T07:31:53.888Z","code":"app.startSever","text":"Server starting..."};&
&{"time":"2016-02-08T07:33:58.559Z","code":"lib.reload","text":"Module reload","data":"usr.js"};&
&{"time":"2016-02-08T07:36:27.980Z","code":"app.startSever","text":"Server starting..."};&
&{"time":"2016-02-08T07:42:41.750Z","code":"app.startSever","text":"Server starting..."};&
&{"time":"2016-02-08T07:43:05.531Z","code":"lib.reload","text":"Module reload err:usr.js","data":{}};&
&{"time":"2016-02-08T07:47:24.887Z","code":"lib.reload","text":"Module reload ok:usr.js","data":"OK"};&
&{"time":"2016-02-08T07:47:40.198Z","code":"lib.reload","text":"Module reload ok:usr.js","data":"OK"};&
&{"time":"2016-02-08T07:48:12.612Z","code":"lib.reload","text":"Module reload ok:usr.js","data":"OK"};&
&{"time":"2016-02-08T07:48:29.463Z","code":"app.startSever","text":"Server starting..."};&
&{"time":"2016-02-08T07:48:42.317Z","code":"app.startSever","text":"Server starting..."};&
&{"time":"2016-02-08T07:52:10.938Z","code":"lib.reload","text":"Module reload ok:httpHandler.js","data":"OK"};&
&{"time":"2016-02-08T07:52:26.386Z","code":"lib.reload","text":"Module reload ok:usr.js","data":"OK"};&
&{"time":"2016-02-08T07:53:24.305Z","code":"lib.reload","text":"Module reload ok:usr.js","data":"OK"};&
&{"time":"2016-02-08T07:53:27.500Z","code":"app.startSever","text":"Server starting..."};&
&{"time":"2016-02-08T07:55:04.945Z","code":"lib.reload","text":"Module reload ok:usr.js","data":"OK"};&
&{"time":"2016-02-08T07:55:13.776Z","code":"lib.reload","text":"Module reload ok:rds.js","data":"OK"};&
&{"time":"2016-02-08T07:55:14.101Z","code":"lib.reload","text":"Module reload err:.DS_Store","data":{}};&
&{"time":"2016-02-08T07:55:39.579Z","code":"lib.reload","text":"Module reload err:.DS_Store","data":{}};&
&{"time":"2016-02-08T07:57:39.260Z","code":"lib.reload","text":"Module reload ok:rds.js","data":"OK"};&
&{"time":"2016-02-08T07:57:40.383Z","code":"lib.reload","text":"Module reload ok:rds.js","data":"OK"};&
&{"time":"2016-02-08T07:57:49.712Z","code":"lib.reload","text":"Module reload ok:rds.js","data":"OK"};&
&{"time":"2016-02-08T08:09:02.848Z","code":"lib.reload","text":"Module reload ok:rds.js","data":"OK"};&
&{"time":"2016-02-08T08:09:57.858Z","code":"lib.reload","text":"Module reload ok:app.js","data":"OK"};&
&{"time":"2016-02-08T08:11:32.785Z","code":"lib.reload","text":"Module reload ok:rds.js","data":"OK"};&
&{"time":"2016-02-08T08:11:45.187Z","code":"lib.reload","text":"Module reload ok:app.js","data":"OK"};&
&{"time":"2016-02-08T08:15:38.345Z","code":"lib.reload","text":"Module reload ok:app.js","data":"OK"};&
&{"time":"2016-02-08T08:18:55.725Z","code":"lib.reload","text":"Module reload ok:app.js","data":"OK"};&
&{"time":"2016-02-08T08:23:50.722Z","code":"lib.reload","text":"Module reload ok:app.js","data":"OK"};&
&{"time":"2016-02-08T08:36:34.763Z","code":"lib.reload","text":"Module reload err:fns.js","data":{}};&
&{"time":"2016-02-08T08:36:35.839Z","code":"lib.reload","text":"Module reload err:app.js","data":{}};&
&{"time":"2016-02-08T08:36:37.513Z","code":"lib.reload","text":"Module reload err:cfg.js","data":{}};&
&{"time":"2016-02-08T08:36:48.393Z","code":"lib.reload","text":"Module reload err:httpHandler.js","data":{}};&
&{"time":"2016-02-08T08:37:00.788Z","code":"lib.reload","text":"Module reload err:logr.js","data":{}};&
&{"time":"2016-02-08T08:37:11.344Z","code":"lib.reload","text":"Module reload err:rds.js","data":{}};&
&{"time":"2016-02-08T08:37:16.231Z","code":"lib.reload","text":"Module reload err:usr.js","data":{}};&
&{"time":"2016-02-08T08:39:52.518Z","code":"app.startSever","text":"Server starting...","data":"OK"};&
&{"time":"2016-02-08T08:40:33.520Z","code":"app.startSever","text":"Server starting...","data":"OK"};&
&{"time":"2016-02-08T08:41:48.530Z","code":"app.startSever","text":"Server starting...","data":"OK"};&
&{"time":"2016-02-08T08:41:55.199Z","code":"lib.reloadModule","text":"Module reload ok:lib.js","data":"OK"};&
&{"time":"2016-02-08T08:42:10.640Z","code":"lib.reloadModule","text":"Module reload ok:lib.js","data":"OK"};&
&{"time":"2016-02-08T08:42:10.642Z","code":"lib.reloadModule","text":"Module reload ok:lib.js","data":"OK"};&
&{"time":"2016-02-08T08:42:17.288Z","code":"app.startSever","text":"Server starting...","data":"OK"};&
&{"time":"2016-02-08T08:42:58.506Z","code":"lib.reloadModule","text":"Module reload ok:logr.js","data":"OK"};&
&{"time":"2016-02-08T08:43:07.392Z","code":"lib.reloadModule","text":"Module reload ok:lib.js","data":"OK"};&
&{"time":"2016-02-08T08:43:16.921Z","code":"lib.reloadModule","text":"Module reload ok:logr.js","data":"OK"};&
&{"time":"2016-02-08T08:43:16.922Z","code":"lib.reloadModule","text":"Module reload ok:logr.js","data":"OK"};&
&{"time":"2016-02-08T08:43:20.377Z","code":"app.startSever","text":"Server starting...","data":"OK"};&
&{"time":"2016-02-08T08:49:55.099Z","code":"lib.reloadModule","text":"Module reload ok:usr.js","data":"OK"};&
&{"time":"2016-02-08T08:49:58.402Z","code":"app.startSever","text":"Server starting...","data":"OK"};&
&{"time":"2016-02-08T08:52:19.192Z","code":"app.startSever","text":"Server starting...","data":"OK"};&
&{"time":"2016-02-08T08:52:41.654Z","code":"lib.reloadModule","text":"Module reload ok:usr.js","data":"OK"};&
&{"time":"2016-02-08T08:54:22.081Z","code":"lib.reloadModule","text":"Module reload err:rds.js","data":{}};&
&{"time":"2016-02-08T08:54:23.553Z","code":"lib.reloadModule","text":"Module reload err:rds.js","data":{}};&
&{"time":"2016-02-08T08:54:31.557Z","code":"lib.reloadModule","text":"Module reload err:rds.js","data":{}};&
&{"time":"2016-02-08T08:54:43.096Z","code":"lib.reloadModule","text":"Module reload ok:rds.js","data":"OK"};&
&{"time":"2016-02-08T08:55:39.696Z","code":"lib.reloadModule","text":"Module reload ok:rds.js","data":"OK"};&
&{"time":"2016-02-08T08:56:00.287Z","code":"lib.reloadModule","text":"Module reload ok:rds.js","data":"OK"};&
&{"time":"2016-02-08T08:56:44.282Z","code":"lib.reloadModule","text":"Module reload ok:usr.js","data":"OK"};&
&{"time":"2016-02-08T08:56:59.193Z","code":"lib.reloadModule","text":"Module reload ok:usr.js","data":"OK"};&
&{"time":"2016-02-08T08:59:31.982Z","code":"lib.reloadModule","text":"Module reload ok:usr.js","data":"OK"};&
&{"time":"2016-02-08T08:59:33.173Z","code":"lib.reloadModule","text":"Module reload ok:usr.js","data":"OK"};&
&{"time":"2016-02-08T08:59:47.730Z","code":"lib.reloadModule","text":"Module reload ok:usr.js","data":"OK"};&
&{"time":"2016-02-08T08:59:48.802Z","code":"lib.reloadModule","text":"Module reload ok:usr.js","data":"OK"};&
&{"time":"2016-02-08T08:59:51.507Z","code":"app.startSever","text":"Server starting...","data":"OK"};&
&{"time":"2016-02-08T09:00:29.090Z","code":"lib.reloadModule","text":"Module reload ok:usr.js","data":"OK"};&
&{"time":"2016-02-08T09:01:15.885Z","code":"lib.reloadModule","text":"Module reload ok:usr.js","data":"OK"};&
&{"time":"2016-02-08T09:07:31.725Z","code":"app.startSever","text":"Server starting...","data":"OK"};&
&{"time":"2016-02-08T09:08:19.780Z","code":"lib.reloadModule","text":"Module reload ok:lib.js","data":"OK"};&
&{"time":"2016-02-08T09:08:49.308Z","code":"lib.reloadModule","text":"Module reload ok:lib.js","data":"OK"};&
&{"time":"2016-02-08T09:08:49.310Z","code":"lib.reloadModule","text":"Module reload ok:lib.js","data":"OK"};&
&{"time":"2016-02-08T09:11:40.715Z","code":"lib.reloadModule","text":"Module reload ok:rds.js","data":"OK"};&
&{"time":"2016-02-08T09:11:40.719Z","code":"lib.reloadModule","text":"Module reload ok:rds.js","data":"OK"};&
&{"time":"2016-02-08T09:11:40.720Z","code":"lib.reloadModule","text":"Module reload ok:rds.js","data":"OK"};&
&{"time":"2016-02-08T09:11:40.721Z","code":"lib.reloadModule","text":"Module reload ok:rds.js","data":"OK"};&
&{"time":"2016-02-08T09:12:01.758Z","code":"lib.reloadModule","text":"Module reload ok:rds.js","data":"OK"};&
&{"time":"2016-02-08T09:12:01.760Z","code":"lib.reloadModule","text":"Module reload ok:rds.js","data":"OK"};&
&{"time":"2016-02-08T09:12:01.760Z","code":"lib.reloadModule","text":"Module reload ok:rds.js","data":"OK"};&
&{"time":"2016-02-08T09:12:01.761Z","code":"lib.reloadModule","text":"Module reload ok:rds.js","data":"OK"};&
&{"time":"2016-02-08T09:12:03.035Z","code":"lib.reloadModule","text":"Module reload ok:rds.js","data":"OK"};&
&{"time":"2016-02-08T09:12:03.036Z","code":"lib.reloadModule","text":"Module reload ok:rds.js","data":"OK"};&
&{"time":"2016-02-08T09:12:03.038Z","code":"lib.reloadModule","text":"Module reload ok:rds.js","data":"OK"};&
&{"time":"2016-02-08T09:12:03.039Z","code":"lib.reloadModule","text":"Module reload ok:rds.js","data":"OK"};&
&{"time":"2016-02-08T09:12:35.199Z","code":"lib.reloadModule","text":"Module reload ok:rds.js","data":"OK"};&
&{"time":"2016-02-08T09:12:35.200Z","code":"lib.reloadModule","text":"Module reload ok:rds.js","data":"OK"};&
&{"time":"2016-02-08T09:12:35.201Z","code":"lib.reloadModule","text":"Module reload ok:rds.js","data":"OK"};&
&{"time":"2016-02-08T09:12:35.203Z","code":"lib.reloadModule","text":"Module reload ok:rds.js","data":"OK"};&
&{"time":"2016-02-08T09:14:30.461Z","code":"lib.reloadModule","text":"Module reload ok:rds.js","data":"OK"};&
&{"time":"2016-02-08T09:14:30.463Z","code":"lib.reloadModule","text":"Module reload ok:rds.js","data":"OK"};&
&{"time":"2016-02-08T09:14:30.464Z","code":"lib.reloadModule","text":"Module reload ok:rds.js","data":"OK"};&
&{"time":"2016-02-08T09:14:30.465Z","code":"lib.reloadModule","text":"Module reload ok:rds.js","data":"OK"};&
&{"time":"2016-02-08T09:16:06.747Z","code":"lib.reloadModule","text":"Module reload ok:rds.js","data":"OK"};&
&{"time":"2016-02-08T09:16:06.752Z","code":"lib.reloadModule","text":"Module reload ok:rds.js","data":"OK"};&
&{"time":"2016-02-08T09:16:06.753Z","code":"lib.reloadModule","text":"Module reload ok:rds.js","data":"OK"};&
&{"time":"2016-02-08T09:16:06.754Z","code":"lib.reloadModule","text":"Module reload ok:rds.js","data":"OK"};&
&{"time":"2016-02-08T09:16:08.313Z","code":"lib.reloadModule","text":"Module reload ok:rds.js","data":"OK"};&
&{"time":"2016-02-08T09:16:08.314Z","code":"lib.reloadModule","text":"Module reload ok:rds.js","data":"OK"};&
&{"time":"2016-02-08T09:16:08.316Z","code":"lib.reloadModule","text":"Module reload ok:rds.js","data":"OK"};&
&{"time":"2016-02-08T09:16:08.317Z","code":"lib.reloadModule","text":"Module reload ok:rds.js","data":"OK"};&
&{"time":"2016-02-08T09:17:12.833Z","code":"lib.reloadModule","text":"Module reload ok:rds.js","data":"OK"};&
&{"time":"2016-02-08T09:17:12.834Z","code":"lib.reloadModule","text":"Module reload ok:rds.js","data":"OK"};&
&{"time":"2016-02-08T09:17:12.836Z","code":"lib.reloadModule","text":"Module reload ok:rds.js","data":"OK"};&
&{"time":"2016-02-08T09:17:12.837Z","code":"lib.reloadModule","text":"Module reload ok:rds.js","data":"OK"};&
&{"time":"2016-02-08T09:17:25.242Z","code":"app.startSever","text":"Server starting...","data":"OK"};&
&{"time":"2016-02-08T09:18:52.257Z","code":"lib.reloadModule","text":"Module reload err:rds.js","data":{}};&
&{"time":"2016-02-08T09:19:39.745Z","code":"lib.reloadModule","text":"Module reload ok:rds.js","data":"OK"};&
&{"time":"2016-02-08T09:19:46.421Z","code":"app.startSever","text":"Server starting...","data":"OK"};&
&{"time":"2016-02-08T09:20:50.283Z","code":"lib.reloadModule","text":"Module reload ok:rds.js","data":"OK"};&
&{"time":"2016-02-08T09:23:51.294Z","code":"lib.reloadModule","text":"Module reload ok:rds.js","data":"OK"};&
&{"time":"2016-02-08T09:24:32.378Z","code":"lib.reloadModule","text":"Module reload ok:rds.js","data":"OK"};&
&{"time":"2016-02-08T09:25:10.271Z","code":"lib.reloadModule","text":"Module reload ok:rds.js","data":"OK"};&
&{"time":"2016-02-08T09:25:11.665Z","code":"lib.reloadModule","text":"Module reload ok:rds.js","data":"OK"};&
&{"time":"2016-02-08T09:27:46.309Z","code":"lib.reloadModule","text":"Module reload ok:rds.js","data":"OK"};&
&{"time":"2016-02-08T09:27:56.236Z","code":"lib.reloadModule","text":"Module reload ok:rds.js","data":"OK"};&
&{"time":"2016-02-08T09:29:47.427Z","code":"lib.reloadModule","text":"Module reload ok:rds.js","data":"OK"};&
&{"time":"2016-02-08T09:46:06.824Z","code":"app.startSever","text":"Server starting...","data":"OK"};&
&{"time":"2016-02-08T09:46:45.084Z","code":"app.startSever","text":"Server starting...","data":"OK"};&
&{"time":"2016-02-08T09:49:33.240Z","code":"lib.reloadModule","text":"Module reload ok:rds.js","data":"OK"};&
&{"time":"2016-02-08T09:50:22.986Z","code":"lib.reloadModule","text":"Module reload ok:rds.js","data":"OK"};&
&{"time":"2016-02-08T09:51:17.206Z","code":"lib.reloadModule","text":"Module reload ok:rds.js","data":"OK"};&
&{"time":"2016-02-08T09:51:58.653Z","code":"lib.reloadModule","text":"Module reload ok:rds.js","data":"OK"};&
&{"time":"2016-02-08T09:53:07.572Z","code":"lib.reloadModule","text":"Module reload ok:rds.js","data":"OK"};&
&{"time":"2016-02-08T09:53:48.460Z","code":"lib.reloadModule","text":"Module reload ok:rds.js","data":"OK"};&
&{"time":"2016-02-08T09:53:52.128Z","code":"app.startSever","text":"Server starting...","data":"OK"};&
&{"time":"2016-02-08T09:54:08.842Z","code":"lib.reloadModule","text":"Module reload ok:rds.js","data":"OK"};&
&{"time":"2016-02-08T09:54:28.537Z","code":"lib.reloadModule","text":"Module reload ok:rds.js","data":"OK"};&
&{"time":"2016-02-08T09:54:31.389Z","code":"app.startSever","text":"Server starting...","data":"OK"};&
&{"time":"2016-02-08T09:55:06.081Z","code":"lib.reloadModule","text":"Module reload ok:rds.js","data":"OK"};&
&{"time":"2016-02-08T09:55:14.406Z","code":"app.startSever","text":"Server starting...","data":"OK"};&
&{"time":"2016-02-08T09:55:21.974Z","code":"lib.reloadModule","text":"Module reload ok:rds.js","data":"OK"};&
&{"time":"2016-02-08T09:56:55.884Z","code":"lib.reloadModule","text":"Module reload ok:lib.js","data":"OK"};&
&{"time":"2016-02-08T09:56:57.055Z","code":"lib.reloadModule","text":"Module reload ok:lib.js","data":"OK"};&
&{"time":"2016-02-08T09:56:57.058Z","code":"lib.reloadModule","text":"Module reload ok:lib.js","data":"OK"};&
&{"time":"2016-02-08T09:57:13.885Z","code":"lib.reloadModule","text":"Module reload ok:rds.js","data":"OK"};&
&{"time":"2016-02-08T09:57:13.886Z","code":"lib.reloadModule","text":"Module reload ok:rds.js","data":"OK"};&
&{"time":"2016-02-08T09:57:13.888Z","code":"lib.reloadModule","text":"Module reload ok:rds.js","data":"OK"};&
&{"time":"2016-02-08T09:57:13.890Z","code":"lib.reloadModule","text":"Module reload ok:rds.js","data":"OK"};&
&{"time":"2016-02-08T09:57:36.427Z","code":"lib.reloadModule","text":"Module reload ok:lib.js","data":"OK"};&
&{"time":"2016-02-08T09:57:36.430Z","code":"lib.reloadModule","text":"Module reload ok:lib.js","data":"OK"};&
&{"time":"2016-02-08T09:57:36.432Z","code":"lib.reloadModule","text":"Module reload ok:lib.js","data":"OK"};&
&{"time":"2016-02-08T09:57:36.434Z","code":"lib.reloadModule","text":"Module reload ok:lib.js","data":"OK"};&
&{"time":"2016-02-08T09:57:45.470Z","code":"lib.reloadModule","text":"Module reload ok:lib.js","data":"OK"};&
&{"time":"2016-02-08T09:57:45.474Z","code":"lib.reloadModule","text":"Module reload ok:lib.js","data":"OK"};&
&{"time":"2016-02-08T09:57:45.477Z","code":"lib.reloadModule","text":"Module reload ok:lib.js","data":"OK"};&
&{"time":"2016-02-08T09:57:45.479Z","code":"lib.reloadModule","text":"Module reload ok:lib.js","data":"OK"};&
&{"time":"2016-02-08T09:57:45.482Z","code":"lib.reloadModule","text":"Module reload ok:lib.js","data":"OK"};&
&{"time":"2016-02-08T09:57:45.484Z","code":"lib.reloadModule","text":"Module reload ok:lib.js","data":"OK"};&
&{"time":"2016-02-08T09:57:45.489Z","code":"lib.reloadModule","text":"Module reload ok:lib.js","data":"OK"};&
&{"time":"2016-02-08T09:57:45.491Z","code":"lib.reloadModule","text":"Module reload ok:lib.js","data":"OK"};&
&{"time":"2016-02-08T09:57:48.107Z","code":"app.startSever","text":"Server starting...","data":"OK"};&
&{"time":"2016-02-08T09:57:56.836Z","code":"lib.reloadModule","text":"Module reload ok:usr.js","data":"OK"};&
&{"time":"2016-02-08T09:59:15.131Z","code":"lib.reloadModule","text":"Module reload ok:lib.js","data":"OK"};&
&{"time":"2016-02-08T09:59:27.419Z","code":"app.startSever","text":"Server starting...","data":"OK"};&
&{"time":"2016-02-08T09:59:31.905Z","code":"lib.reloadModule","text":"Module reload ok:lib.js","data":"OK"};&
&{"time":"2016-02-08T09:59:37.819Z","code":"lib.reloadModule","text":"Module reload ok:lib.js","data":"OK"};&
&{"time":"2016-02-08T09:59:37.822Z","code":"lib.reloadModule","text":"Module reload ok:lib.js","data":"OK"};&
&{"time":"2016-02-08T09:59:52.200Z","code":"lib.reloadModule","text":"Module reload ok:lib.js","data":"OK"};&
&{"time":"2016-02-08T09:59:52.203Z","code":"lib.reloadModule","text":"Module reload ok:lib.js","data":"OK"};&
&{"time":"2016-02-08T09:59:52.207Z","code":"lib.reloadModule","text":"Module reload ok:lib.js","data":"OK"};&
&{"time":"2016-02-08T09:59:52.209Z","code":"lib.reloadModule","text":"Module reload ok:lib.js","data":"OK"};&
&{"time":"2016-02-08T09:59:55.222Z","code":"app.startSever","text":"Server starting...","data":"OK"};&
&{"time":"2016-02-08T09:59:57.195Z","code":"lib.reloadModule","text":"Module reload ok:lib.js","data":"OK"};&
&{"time":"2016-02-08T10:00:00.321Z","code":"app.startSever","text":"Server starting...","data":"OK"};&
&{"time":"2016-02-08T10:00:08.468Z","code":"lib.reloadModule","text":"Module reload ok:rds.js","data":"OK"};&
&{"time":"2016-02-08T10:00:29.288Z","code":"lib.reloadModule","text":"Module reload ok:lib.js","data":"OK"};&
&{"time":"2016-02-08T10:00:31.857Z","code":"app.startSever","text":"Server starting...","data":"OK"};&
&{"time":"2016-02-08T10:00:49.999Z","code":"lib.reloadModule","text":"Module reload ok:rds.js","data":"OK"};&
&{"time":"2016-02-08T10:00:50.978Z","code":"lib.reloadModule","text":"Module reload ok:rds.js","data":"OK"};&
&{"time":"2016-02-08T10:01:29.380Z","code":"lib.reloadModule","text":"Module reload ok:rds.js","data":"OK"};&
&{"time":"2016-02-08T10:01:50.343Z","code":"lib.reloadModule","text":"Module reload ok:rds.js","data":"OK"};&
&{"time":"2016-02-08T10:02:52.651Z","code":"lib.reloadModule","text":"Module reload ok:rds.js","data":"OK"};&
&{"time":"2016-02-08T10:03:10.086Z","code":"lib.reloadModule","text":"Module reload ok:rds.js","data":"OK"};&
&{"time":"2016-02-08T10:03:57.979Z","code":"lib.reloadModule","text":"Module reload ok:rds.js","data":"OK"};&
&{"time":"2016-02-08T10:04:07.184Z","code":"app.startSever","text":"Server starting...","data":"OK"};&
&{"time":"2016-02-08T10:04:10.164Z","code":"lib.reloadModule","text":"Module reload ok:rds.js","data":"OK"};&
&{"time":"2016-02-08T10:04:25.329Z","code":"lib.reloadModule","text":"Module reload ok:rds.js","data":"OK"};&
&{"time":"2016-02-08T10:04:58.244Z","code":"lib.reloadModule","text":"Module reload ok:rds.js","data":"OK"};&
&{"time":"2016-02-08T10:05:40.918Z","code":"lib.reloadModule","text":"Module reload ok:rds.js","data":"OK"};&
&{"time":"2016-02-08T10:05:47.227Z","code":"app.startSever","text":"Server starting...","data":"OK"};&
&{"time":"2016-02-08T10:06:34.768Z","code":"lib.reloadModule","text":"Module reload ok:rds.js","data":"OK"};&
&{"time":"2016-02-08T10:06:40.322Z","code":"lib.reloadModule","text":"Module reload ok:rds.js","data":"OK"};&
&{"time":"2016-02-08T10:07:08.629Z","code":"app.startSever","text":"Server starting...","data":"OK"};&
&{"time":"2016-02-08T10:07:10.252Z","code":"lib.reloadModule","text":"Module reload ok:rds.js","data":"OK"};&
&{"time":"2016-02-08T10:07:13.758Z","code":"lib.reloadModule","text":"Module reload ok:rds.js","data":"OK"};&
&{"time":"2016-02-08T10:07:25.882Z","code":"lib.reloadModule","text":"Module reload ok:rds.js","data":"OK"};&
&{"time":"2016-02-08T10:07:25.943Z","code":"lib.reloadModule","text":"Module reload ok:rds.js","data":"OK"};&
&{"time":"2016-02-08T10:07:27.382Z","code":"lib.reloadModule","text":"Module reload ok:rds.js","data":"OK"};&
&{"time":"2016-02-08T10:09:28.276Z","code":"lib.reloadModule","text":"Module reload ok:usr.js","data":"OK"};&
&{"time":"2016-02-08T10:10:46.383Z","code":"app.startSever","text":"Server starting...","data":"OK"};&
&{"time":"2016-02-08T10:13:06.143Z","code":"app.startSever","text":"Server starting...","data":"OK"};&
&{"time":"2016-02-08T10:14:08.973Z","code":"app.startSever","text":"Server starting...","data":"OK"};&
&{"time":"2016-02-08T10:14:32.196Z","code":"app.startSever","text":"Server starting...","data":"OK"};&
&{"time":"2016-02-08T10:15:30.353Z","code":"app.startSever","text":"Server starting...","data":"OK"};&
&{"time":"2016-02-08T10:16:33.780Z","code":"app.startSever","text":"Server starting...","data":"OK"};&
&{"time":"2016-02-08T10:17:28.662Z","code":"app.startSever","text":"Server starting...","data":"OK"};&
&{"time":"2016-02-08T10:19:18.368Z","code":"app.startSever","text":"Server starting...","data":"OK"};&
&{"time":"2016-02-08T10:19:38.340Z","code":"app.startSever","text":"Server starting...","data":"OK"};&
&{"time":"2016-02-08T10:19:59.595Z","code":"app.startSever","text":"Server starting...","data":"OK"};&
&{"time":"2016-02-08T10:20:24.174Z","code":"app.startSever","text":"Server starting...","data":"OK"};&
&{"time":"2016-02-08T10:21:14.169Z","code":"lib.reloadModule","text":"Module reload ok:usr.js","data":"OK"};&
&{"time":"2016-02-08T10:22:01.996Z","code":"lib.reloadModule","text":"Module reload ok:usr.js","data":"OK"};&
&{"time":"2016-02-08T10:22:04.649Z","code":"lib.reloadModule","text":"Module reload ok:usr.js","data":"OK"};&
&{"time":"2016-02-08T10:22:24.775Z","code":"lib.reloadModule","text":"Module reload ok:usr.js","data":"OK"};&
&{"time":"2016-02-08T10:26:17.030Z","code":"lib.reloadModule","text":"Module reload ok:usr.js","data":"OK"};&
&{"time":"2016-02-08T10:26:22.522Z","code":"lib.reloadModule","text":"Module reload ok:usr.js","data":"OK"};&
&{"time":"2016-02-08T10:27:50.072Z","code":"lib.reloadModule","text":"Module reload ok:usr.js","data":"OK"};&
&