{"time":"2016-02-12T01:24:31.918Z","code":"lib.reloadModule","text":"Module reload ok:httpHandler.js","data":"OK"};&
&{"time":"2016-02-12T01:27:46.629Z","code":"lib.reloadModule","text":"Module reload ok:usr.js","data":"OK"};&
&{"time":"2016-02-12T01:28:39.052Z","code":"lib.reloadModule","text":"Module reload ok:httpHandler.js","data":"OK"};&
&{"time":"2016-02-12T01:32:09.579Z","code":"lib.reloadModule","text":"Module reload ok:httpHandler.js","data":"OK"};&
&{"time":"2016-02-12T01:34:00.272Z","code":"lib.reloadModule","text":"Module reload err:httpHandler.js","data":{}};&
&{"time":"2016-02-12T01:34:53.375Z","code":"lib.reloadModule","text":"Module reload ok:httpHandler.js","data":"OK"};&
&{"time":"2016-02-12T01:35:26.642Z","code":"lib.reloadModule","text":"Module reload ok:usr.js","data":"OK"};&
&{"time":"2016-02-12T01:35:44.510Z","code":"lib.reloadModule","text":"Module reload ok:httpHandler.js","data":"OK"};&
&{"time":"2016-02-12T01:38:13.317Z","code":"lib.reloadModule","text":"Module reload ok:usr.js","data":"OK"};&
&{"time":"2016-02-12T01:38:19.893Z","code":"lib.reloadModule","text":"Module reload ok:usr.js","data":"OK"};&
&{"time":"2016-02-12T01:38:27.289Z","code":"lib.reloadModule","text":"Module reload ok:httpHandler.js","data":"OK"};&
&{"time":"2016-02-12T01:38:29.462Z","code":"lib.reloadModule","text":"Module reload ok:httpHandler.js","data":"OK"};&
&{"time":"2016-02-12T01:40:52.979Z","code":"app.startSever","text":"Server starting...","data":"OK"};&
&{"time":"2016-02-12T01:42:53.032Z","code":"lib.reloadModule","text":"Module reload ok:httpHandler.js","data":"OK"};&
&{"time":"2016-02-12T01:44:59.358Z","code":"lib.reloadModule","text":"Module reload ok:httpHandler.js","data":"OK"};&
&{"time":"2016-02-12T01:49:03.201Z","code":"lib.reloadModule","text":"Module reload ok:httpHandler.js","data":"OK"};&
&{"time":"2016-02-12T01:49:04.844Z","code":"lib.reloadModule","text":"Module reload ok:httpHandler.js","data":"OK"};&
&{"time":"2016-02-12T01:49:34.759Z","code":"lib.reloadModule","text":"Module reload ok:httpHandler.js","data":"OK"};&
&{"time":"2016-02-12T01:53:54.849Z","code":"lib.reloadModule","text":"Module reload ok:httpHandler.js","data":"OK"};&
&{"time":"2016-02-12T01:56:00.364Z","code":"lib.reloadModule","text":"Module reload ok:usr.js","data":"OK"};&
&{"time":"2016-02-12T01:57:24.284Z","code":"lib.reloadModule","text":"Module reload ok:httpHandler.js","data":"OK"};&
&{"time":"2016-02-12T01:58:04.023Z","code":"lib.reloadModule","text":"Module reload ok:httpHandler.js","data":"OK"};&
&{"time":"2016-02-12T02:01:04.096Z","code":"app.startSever","text":"Server starting...","data":"OK"};&
&{"time":"2016-02-12T02:02:23.316Z","code":"app.startSever","text":"Server starting...","data":"OK"};&
&{"time":"2016-02-12T02:02:56.885Z","code":"lib.reloadModule","text":"Module reload ok:httpHandler.js","data":"OK"};&
&{"time":"2016-02-12T02:04:00.204Z","code":"lib.reloadModule","text":"Module reload ok:httpHandler.js","data":"OK"};&
&{"time":"2016-02-12T02:04:21.080Z","code":"lib.reloadModule","text":"Module reload ok:httpHandler.js","data":"OK"};&
&{"time":"2016-02-12T02:06:21.259Z","code":"app.startSever","text":"Server starting...","data":"OK"};&
&{"time":"2016-02-12T02:10:38.282Z","code":"lib.reloadModule","text":"Module reload ok:usr.js","data":"OK"};&
&{"time":"2016-02-12T02:12:35.979Z","code":"lib.reloadModule","text":"Module reload ok:usr.js","data":"OK"};&
&{"time":"2016-02-12T02:14:10.513Z","code":"lib.reloadModule","text":"Module reload ok:usr.js","data":"OK"};&
&{"time":"2016-02-12T02:16:31.627Z","code":"lib.reloadModule","text":"Module reload ok:usr.js","data":"OK"};&
&{"time":"2016-02-12T02:16:50.703Z","code":"lib.reloadModule","text":"Module reload ok:usr.js","data":"OK"};&
&{"time":"2016-02-12T02:17:21.644Z","code":"app.startSever","text":"Server starting...","data":"OK"};&
&{"time":"2016-02-12T02:20:04.911Z","code":"lib.reloadModule","text":"Module reload ok:usr.js","data":"OK"};&
&{"time":"2016-02-12T02:20:33.673Z","code":"lib.reloadModule","text":"Module reload ok:httpHandler.js","data":"OK"};&
&{"time":"2016-02-12T02:21:18.896Z","code":"lib.reloadModule","text":"Module reload ok:httpHandler.js","data":"OK"};&
&{"time":"2016-02-12T02:22:02.652Z","code":"lib.reloadModule","text":"Module reload ok:usr.js","data":"OK"};&
&{"time":"2016-02-12T02:22:05.156Z","code":"app.startSever","text":"Server starting...","data":"OK"};&
&{"time":"2016-02-12T02:24:40.685Z","code":"app.startSever","text":"Server starting...","data":"OK"};&
&{"time":"2016-02-12T02:25:26.868Z","code":"app.startSever","text":"Server starting...","data":"OK"};&
&{"time":"2016-02-12T02:26:16.864Z","code":"app.startSever","text":"Server starting...","data":"OK"};&
&{"time":"2016-02-12T02:26:31.535Z","code":"app.startSever","text":"Server starting...","data":"OK"};&
&{"time":"2016-02-12T02:26:51.273Z","code":"app.startSever","text":"Server starting...","data":"OK"};&
&{"time":"2016-02-12T02:35:32.598Z","code":"app.startSever","text":"Server starting...","data":"OK"};&
&{"time":"2016-02-12T02:37:23.878Z","code":"lib.reloadModule","text":"Module reload ok:fns.js","data":"OK"};&
&{"time":"2016-02-12T02:37:40.809Z","code":"lib.reloadModule","text":"Module reload ok:fns.js","data":"OK"};&
&{"time":"2016-02-12T02:39:17.986Z","code":"lib.reloadModule","text":"Module reload ok:fns.js","data":"OK"};&
&{"time":"2016-02-12T02:40:37.584Z","code":"lib.reloadModule","text":"Module reload ok:fns.js","data":"OK"};&
&{"time":"2016-02-12T02:41:07.163Z","code":"lib.reloadModule","text":"Module reload ok:fns.js","data":"OK"};&
&{"time":"2016-02-12T02:41:08.288Z","code":"lib.reloadModule","text":"Module reload ok:fns.js","data":"OK"};&
&{"time":"2016-02-12T02:41:21.636Z","code":"lib.reloadModule","text":"Module reload ok:fns.js","data":"OK"};&
&{"time":"2016-02-12T02:42:44.288Z","code":"lib.reloadModule","text":"Module reload ok:fns.js","data":"OK"};&
&{"time":"2016-02-12T02:44:00.034Z","code":"lib.reloadModule","text":"Module reload ok:fns.js","data":"OK"};&
&{"time":"2016-02-12T02:44:11.690Z","code":"lib.reloadModule","text":"Module reload ok:fns.js","data":"OK"};&
&{"time":"2016-02-12T02:44:18.299Z","code":"lib.reloadModule","text":"Module reload ok:fns.js","data":"OK"};&
&{"time":"2016-02-12T02:45:38.528Z","code":"lib.reloadModule","text":"Module reload ok:usr.js","data":"OK"};&
&{"time":"2016-02-12T02:46:12.008Z","code":"lib.reloadModule","text":"Module reload ok:httpHandler.js","data":"OK"};&
&{"time":"2016-02-12T02:46:57.568Z","code":"lib.reloadModule","text":"Module reload ok:httpHandler.js","data":"OK"};&
&{"time":"2016-02-12T02:47:14.076Z","code":"lib.reloadModule","text":"Module reload ok:httpHandler.js","data":"OK"};&
&{"time":"2016-02-12T02:47:51.802Z","code":"lib.reloadModule","text":"Module reload ok:httpHandler.js","data":"OK"};&
&{"time":"2016-02-12T02:47:53.289Z","code":"lib.reloadModule","text":"Module reload ok:httpHandler.js","data":"OK"};&
&{"time":"2016-02-12T02:48:27.459Z","code":"app.startSever","text":"Server starting...","data":"OK"};&
&{"time":"2016-02-12T02:49:31.188Z","code":"app.startSever","text":"Server starting...","data":"OK"};&
&{"time":"2016-02-12T02:50:04.901Z","code":"lib.reloadModule","text":"Module reload ok:httpHandler.js","data":"OK"};&
&{"time":"2016-02-12T02:50:07.815Z","code":"app.startSever","text":"Server starting...","data":"OK"};&
&{"time":"2016-02-12T02:50:52.461Z","code":"app.startSever","text":"Server starting...","data":"OK"};&
&{"time":"2016-02-12T02:54:33.271Z","code":"lib.reloadModule","text":"Module reload ok:httpHandler.js","data":"OK"};&
&{"time":"2016-02-12T03:11:24.809Z","code":"app.startSever","text":"Server starting...","data":"OK"};&
&