{"time":"2016-02-04T07:46:19.472Z","code":"app.startSever","text":"Server starting..."};&
&{"time":"2016-02-04T07:47:23.009Z","code":"app.startSever","text":"Server starting..."};&
&{"time":"2016-02-04T07:51:40.866Z","code":"app.startSever","text":"Server starting..."};&
&{"time":"2016-02-04T07:55:21.722Z","code":"app.startSever","text":"Server starting..."};&
&{"time":"2016-02-04T07:59:20.336Z","code":"app.startSever","text":"Server starting..."};&
&{"time":"2016-02-04T08:00:30.676Z","code":"app.startSever","text":"Server starting..."};&
&{"time":"2016-02-04T08:03:04.610Z","code":"app.startSever","text":"Server starting..."};&
&{"time":"2016-02-04T14:48:18.936Z","code":"app.startSever","text":"Server starting..."};&
&{"time":"2016-02-04T14:48:43.966Z","code":"app.startSever","text":"Server starting..."};&
&{"time":"2016-02-04T14:48:57.367Z","code":"app.startSever","text":"Server starting..."};&
&{"time":"2016-02-04T15:03:45.909Z","code":"app.startSever","text":"Server starting..."};&
&{"time":"2016-02-04T15:06:01.590Z","code":"app.startSever","text":"Server starting..."};&
&{"time":"2016-02-04T15:06:53.950Z","code":"app.startSever","text":"Server starting..."};&
&{"time":"2016-02-04T15:27:08.214Z","code":"app.startSever","text":"Server starting..."};&
&{"time":"2016-02-04T15:28:51.718Z","code":"app.startSever","text":"Server starting..."};&
&{"time":"2016-02-04T15:36:25.574Z","code":"app.startSever","text":"Server starting..."};&
&{"time":"2016-02-04T15:37:12.006Z","code":"app.startSever","text":"Server starting..."};&
&{"time":"2016-02-04T15:40:53.696Z","code":"app.startSever","text":"Server starting..."};&
&{"time":"2016-02-04T15:42:48.061Z","code":"app.startSever","text":"Server starting..."};&
&{"time":"2016-02-04T15:47:50.191Z","code":"app.startSever","text":"Server starting..."};&
&{"time":"2016-02-04T15:49:54.263Z","code":"app.startSever","text":"Server starting..."};&
&{"time":"2016-02-04T15:50:20.869Z","code":"app.startSever","text":"Server starting..."};&
&{"time":"2016-02-04T15:50:50.365Z","code":"httpHandler.loadFile","text":"Watch failed:mime.js","data":"rename"};&
&{"time":"2016-02-04T15:51:49.594Z","code":"app.startSever","text":"Server starting..."};&
&{"time":"2016-02-04T15:51:57.525Z","code":"lib.reload","text":"Watch failed:sss.js","data":"rename"};&
&{"time":"2016-02-04T15:51:57.536Z","code":"httpHandler.loadFile","text":"Watch failed:sss.js","data":"rename"};&
&{"time":"2016-02-04T15:52:06.567Z","code":"httpHandler.loadFile","text":"Watch failed:jj.js","data":"rename"};&
&{"time":"2016-02-04T15:53:25.239Z","code":"httpHandler.loadFile","text":"Watch failed:.DS_Store","data":"rename"};&
&{"time":"2016-02-04T15:53:25.240Z","code":"httpHandler.loadFile","text":"Watch failed:main.js","data":"rename"};&
&{"time":"2016-02-04T15:53:30.209Z","code":"httpHandler.loadFile","text":"Watch failed:.DS_Store","data":"rename"};&
&{"time":"2016-02-04T15:54:21.395Z","code":"httpHandler.loadFile","text":"Watch failed:main.js","data":"rename"};&
&{"time":"2016-02-04T15:54:31.185Z","code":"httpHandler.loadFile","text":"Watch failed:jj.js","data":"rename"};&
&